<?xml version="1.0" encoding="UTF-8"?>
<testng-results ignored="0" total="1" passed="1" failed="0" skipped="0">
  <reporter-output>
    <line>
      <![CDATA[Demo1 of testA...]]>
    </line>
  </reporter-output>
  <suite started-at="2024-05-01T01:57:35 GMT-04:00" name="Suite" finished-at="2024-05-01T01:58:29 GMT-04:00" duration-ms="54345">
    <groups>
    </groups>
    <test started-at="2024-05-01T01:57:35 GMT-04:00" name="Test" finished-at="2024-05-01T01:58:29 GMT-04:00" duration-ms="54345">
      <class name="day21.Demo1">
        <test-method signature="testA(java.lang.String,java.lang.String)[pri:0, instance:day21.Demo1@7133da86]" started-at="2024-05-01T01:57:35 GMT-04:00" name="testA" finished-at="2024-05-01T01:58:29 GMT-04:00" duration-ms="54285" status="PASS">
          <params>
            <param index="0">
              <value>
                <![CDATA[http://localhost:4444/wd/hub]]>
              </value>
            </param>
            <param index="1">
              <value>
                <![CDATA[https://www.google.com]]>
              </value>
            </param>
          </params>
          <reporter-output>
            <line>
              <![CDATA[Demo1 of testA...]]>
            </line>
          </reporter-output>
        </test-method> <!-- testA -->
      </class> <!-- day21.Demo1 -->
    </test> <!-- Test -->
  </suite> <!-- Suite -->
</testng-results>
