<?xml version="1.0" encoding="UTF-8"?>
<testng-results ignored="0" total="1" passed="1" failed="0" skipped="0">
  <reporter-output>
    <line>
      <![CDATA[Demo1 of testA...]]>
    </line>
  </reporter-output>
  <suite started-at="2024-04-30T21:21:36 GMT-04:00" name="Suite" finished-at="2024-04-30T21:21:49 GMT-04:00" duration-ms="12688">
    <groups>
    </groups>
    <test started-at="2024-04-30T21:21:36 GMT-04:00" name="Test" finished-at="2024-04-30T21:21:49 GMT-04:00" duration-ms="12688">
      <class name="day21.Demo1">
        <test-method signature="testA(java.lang.String)[pri:0, instance:day21.Demo1@2ed2d9cb]" started-at="2024-04-30T21:21:36 GMT-04:00" name="testA" finished-at="2024-04-30T21:21:49 GMT-04:00" duration-ms="12583" status="PASS">
          <params>
            <param index="0">
              <value>
                <![CDATA[http://localhost:4444]]>
              </value>
            </param>
          </params>
          <reporter-output>
            <line>
              <![CDATA[Demo1 of testA...]]>
            </line>
          </reporter-output>
        </test-method> <!-- testA -->
      </class> <!-- day21.Demo1 -->
    </test> <!-- Test -->
  </suite> <!-- Suite -->
</testng-results>
